<?xml version="1.0" encoding="UTF-8"?>
<coverage generated="1534313785081" clover="3.2.0">
  <project timestamp="1534313785082" name="All files">
    <metrics statements="203" coveredstatements="78" conditionals="37" coveredconditionals="14" methods="66" coveredmethods="10" elements="306" coveredelements="102" complexity="0" loc="203" ncloc="203" packages="12" files="24" classes="24">
      <package name="proj">
        <metrics statements="1" coveredstatements="1" conditionals="0" coveredconditionals="0" methods="0" coveredmethods="0"/>
        <file name="setupTests.js" path="/Users/jon/coding/webaudioproj/proj/setupTests.js">
          <metrics statements="1" coveredstatements="1" conditionals="0" coveredconditionals="0" methods="0" coveredmethods="0"/>
          <line num="3" count="3" type="stmt"/>
        </file>
      </package>
      <package name="proj.src.components">
        <metrics statements="31" coveredstatements="15" conditionals="0" coveredconditionals="0" methods="11" coveredmethods="0"/>
        <file name="App.js" path="/Users/jon/coding/webaudioproj/proj/src/components/App.js">
          <metrics statements="4" coveredstatements="2" conditionals="0" coveredconditionals="0" methods="1" coveredmethods="0"/>
          <line num="10" count="1" type="stmt"/>
          <line num="36" count="0" type="stmt"/>
          <line num="38" count="0" type="stmt"/>
          <line num="48" count="1" type="stmt"/>
        </file>
        <file name="Arrangement.js" path="/Users/jon/coding/webaudioproj/proj/src/components/Arrangement.js">
          <metrics statements="10" coveredstatements="5" conditionals="0" coveredconditionals="0" methods="3" coveredmethods="0"/>
          <line num="6" count="1" type="stmt"/>
          <line num="10" count="1" type="stmt"/>
          <line num="34" count="0" type="stmt"/>
          <line num="36" count="0" type="stmt"/>
          <line num="37" count="0" type="stmt"/>
          <line num="40" count="0" type="stmt"/>
          <line num="48" count="1" type="stmt"/>
          <line num="49" count="0" type="stmt"/>
          <line num="54" count="1" type="stmt"/>
          <line num="55" count="1" type="stmt"/>
        </file>
        <file name="DeviceBar.js" path="/Users/jon/coding/webaudioproj/proj/src/components/DeviceBar.js">
          <metrics statements="9" coveredstatements="4" conditionals="0" coveredconditionals="0" methods="4" coveredmethods="0"/>
          <line num="8" count="1" type="stmt"/>
          <line num="14" count="0" type="stmt"/>
          <line num="16" count="0" type="stmt"/>
          <line num="33" count="0" type="stmt"/>
          <line num="35" count="0" type="stmt"/>
          <line num="43" count="1" type="stmt"/>
          <line num="44" count="0" type="stmt"/>
          <line num="49" count="1" type="stmt"/>
          <line num="50" count="1" type="stmt"/>
        </file>
        <file name="TitleBar.js" path="/Users/jon/coding/webaudioproj/proj/src/components/TitleBar.js">
          <metrics statements="8" coveredstatements="4" conditionals="0" coveredconditionals="0" methods="3" coveredmethods="0"/>
          <line num="6" count="1" type="stmt"/>
          <line num="12" count="0" type="stmt"/>
          <line num="29" count="0" type="stmt"/>
          <line num="31" count="0" type="stmt"/>
          <line num="38" count="1" type="stmt"/>
          <line num="39" count="0" type="stmt"/>
          <line num="45" count="1" type="stmt"/>
          <line num="46" count="1" type="stmt"/>
        </file>
      </package>
      <package name="proj.src.components.arrangement.Track">
        <metrics statements="21" coveredstatements="8" conditionals="0" coveredconditionals="0" methods="12" coveredmethods="0"/>
        <file name="Track.js" path="/Users/jon/coding/webaudioproj/proj/src/components/arrangement/Track/Track.js">
          <metrics statements="11" coveredstatements="4" conditionals="0" coveredconditionals="0" methods="6" coveredmethods="0"/>
          <line num="8" count="1" type="stmt"/>
          <line num="11" count="0" type="stmt"/>
          <line num="12" count="0" type="stmt"/>
          <line num="13" count="0" type="stmt"/>
          <line num="16" count="0" type="stmt"/>
          <line num="32" count="0" type="stmt"/>
          <line num="34" count="0" type="stmt"/>
          <line num="43" count="1" type="stmt"/>
          <line num="44" count="0" type="stmt"/>
          <line num="50" count="1" type="stmt"/>
          <line num="51" count="1" type="stmt"/>
        </file>
        <file name="TrackOptions.js" path="/Users/jon/coding/webaudioproj/proj/src/components/arrangement/Track/TrackOptions.js">
          <metrics statements="10" coveredstatements="4" conditionals="0" coveredconditionals="0" methods="6" coveredmethods="0"/>
          <line num="8" count="1" type="stmt"/>
          <line num="11" count="0" type="stmt"/>
          <line num="30" count="0" type="stmt"/>
          <line num="32" count="0" type="stmt"/>
          <line num="46" count="0" type="stmt"/>
          <line num="61" count="0" type="stmt"/>
          <line num="77" count="1" type="stmt"/>
          <line num="78" count="0" type="stmt"/>
          <line num="84" count="1" type="stmt"/>
          <line num="85" count="1" type="stmt"/>
        </file>
      </package>
      <package name="proj.src.components.arrangement.Track.TrackContent">
        <metrics statements="78" coveredstatements="11" conditionals="16" coveredconditionals="0" methods="22" coveredmethods="0"/>
        <file name="BarBackdrops.js" path="/Users/jon/coding/webaudioproj/proj/src/components/arrangement/Track/TrackContent/BarBackdrops.js">
          <metrics statements="16" coveredstatements="2" conditionals="2" coveredconditionals="0" methods="4" coveredmethods="0"/>
          <line num="25" count="0" type="stmt"/>
          <line num="40" count="0" type="stmt"/>
          <line num="41" count="0" type="stmt"/>
          <line num="52" count="0" type="stmt"/>
          <line num="53" count="0" type="stmt"/>
          <line num="54" count="0" type="stmt"/>
          <line num="56" count="0" type="stmt"/>
          <line num="64" count="0" type="stmt"/>
          <line num="65" count="0" type="cond" truecount="0" falsecount="2"/>
          <line num="67" count="0" type="stmt"/>
          <line num="75" count="0" type="stmt"/>
          <line num="78" count="0" type="stmt"/>
          <line num="81" count="0" type="stmt"/>
          <line num="89" count="2" type="stmt"/>
          <line num="90" count="0" type="stmt"/>
          <line num="95" count="2" type="stmt"/>
        </file>
        <file name="GridLines.js" path="/Users/jon/coding/webaudioproj/proj/src/components/arrangement/Track/TrackContent/GridLines.js">
          <metrics statements="20" coveredstatements="0" conditionals="8" coveredconditionals="0" methods="2" coveredmethods="0"/>
          <line num="34" count="0" type="stmt"/>
          <line num="37" count="0" type="stmt"/>
          <line num="39" count="0" type="cond" truecount="0" falsecount="2"/>
          <line num="40" count="0" type="stmt"/>
          <line num="41" count="0" type="stmt"/>
          <line num="42" count="0" type="stmt"/>
          <line num="43" count="0" type="stmt"/>
          <line num="45" count="0" type="cond" truecount="0" falsecount="2"/>
          <line num="46" count="0" type="stmt"/>
          <line num="47" count="0" type="stmt"/>
          <line num="48" count="0" type="stmt"/>
          <line num="49" count="0" type="stmt"/>
          <line num="52" count="0" type="stmt"/>
          <line num="62" count="0" type="stmt"/>
          <line num="80" count="0" type="stmt"/>
          <line num="84" count="0" type="cond" truecount="0" falsecount="2"/>
          <line num="85" count="0" type="stmt"/>
          <line num="95" count="0" type="cond" truecount="0" falsecount="2"/>
          <line num="96" count="0" type="stmt"/>
          <line num="106" count="0" type="stmt"/>
        </file>
        <file name="Notes.js" path="/Users/jon/coding/webaudioproj/proj/src/components/arrangement/Track/TrackContent/Notes.js">
          <metrics statements="18" coveredstatements="2" conditionals="4" coveredconditionals="0" methods="7" coveredmethods="0"/>
          <line num="18" count="0" type="stmt"/>
          <line num="20" count="0" type="stmt"/>
          <line num="21" count="0" type="stmt"/>
          <line num="22" count="0" type="stmt"/>
          <line num="24" count="0" type="stmt"/>
          <line num="41" count="0" type="stmt"/>
          <line num="43" count="0" type="stmt"/>
          <line num="44" count="0" type="stmt"/>
          <line num="45" count="0" type="cond" truecount="0" falsecount="2"/>
          <line num="46" count="0" type="stmt"/>
          <line num="52" count="0" type="cond" truecount="0" falsecount="2"/>
          <line num="53" count="0" type="stmt"/>
          <line num="54" count="0" type="stmt"/>
          <line num="59" count="0" type="stmt"/>
          <line num="61" count="0" type="stmt"/>
          <line num="68" count="2" type="stmt"/>
          <line num="69" count="0" type="stmt"/>
          <line num="74" count="2" type="stmt"/>
        </file>
        <file name="Sequencer.js" path="/Users/jon/coding/webaudioproj/proj/src/components/arrangement/Track/TrackContent/Sequencer.js">
          <metrics statements="15" coveredstatements="3" conditionals="0" coveredconditionals="0" methods="6" coveredmethods="0"/>
          <line num="23" count="0" type="stmt"/>
          <line num="24" count="0" type="stmt"/>
          <line num="25" count="0" type="stmt"/>
          <line num="26" count="0" type="stmt"/>
          <line num="28" count="0" type="stmt"/>
          <line num="43" count="0" type="stmt"/>
          <line num="45" count="0" type="stmt"/>
          <line num="46" count="0" type="stmt"/>
          <line num="48" count="0" type="stmt"/>
          <line num="52" count="0" type="stmt"/>
          <line num="87" count="2" type="stmt"/>
          <line num="88" count="0" type="stmt"/>
          <line num="94" count="2" type="stmt"/>
          <line num="95" count="0" type="stmt"/>
          <line num="101" count="2" type="stmt"/>
        </file>
        <file name="TrackContent.js" path="/Users/jon/coding/webaudioproj/proj/src/components/arrangement/Track/TrackContent/TrackContent.js">
          <metrics statements="9" coveredstatements="4" conditionals="2" coveredconditionals="0" methods="3" coveredmethods="0"/>
          <line num="9" count="1" type="stmt"/>
          <line num="32" count="0" type="stmt"/>
          <line num="34" count="0" type="stmt"/>
          <line num="39" count="0" type="stmt"/>
          <line num="41" count="0" type="stmt"/>
          <line num="61" count="1" type="stmt"/>
          <line num="62" count="0" type="stmt"/>
          <line num="67" count="1" type="stmt"/>
          <line num="68" count="1" type="stmt"/>
        </file>
      </package>
      <package name="proj.src.components.devices">
        <metrics statements="5" coveredstatements="3" conditionals="0" coveredconditionals="0" methods="1" coveredmethods="0"/>
        <file name="Device.js" path="/Users/jon/coding/webaudioproj/proj/src/components/devices/Device.js">
          <metrics statements="5" coveredstatements="3" conditionals="0" coveredconditionals="0" methods="1" coveredmethods="0"/>
          <line num="7" count="1" type="stmt"/>
          <line num="11" count="1" type="stmt"/>
          <line num="44" count="0" type="stmt"/>
          <line num="46" count="0" type="stmt"/>
          <line num="59" count="1" type="stmt"/>
        </file>
      </package>
      <package name="proj.src.components.devices.deviceWidgets">
        <metrics statements="12" coveredstatements="2" conditionals="0" coveredconditionals="0" methods="6" coveredmethods="0"/>
        <file name="Knob.js" path="/Users/jon/coding/webaudioproj/proj/src/components/devices/deviceWidgets/Knob.js">
          <metrics statements="12" coveredstatements="2" conditionals="0" coveredconditionals="0" methods="6" coveredmethods="0"/>
          <line num="5" count="1" type="stmt"/>
          <line num="43" count="0" type="stmt"/>
          <line num="44" count="0" type="stmt"/>
          <line num="48" count="0" type="stmt"/>
          <line num="52" count="0" type="stmt"/>
          <line num="56" count="0" type="stmt"/>
          <line num="60" count="0" type="stmt"/>
          <line num="64" count="0" type="stmt"/>
          <line num="65" count="0" type="stmt"/>
          <line num="67" count="0" type="stmt"/>
          <line num="70" count="0" type="stmt"/>
          <line num="80" count="1" type="stmt"/>
        </file>
        <file name="index.js" path="/Users/jon/coding/webaudioproj/proj/src/components/devices/deviceWidgets/index.js">
          <metrics statements="0" coveredstatements="0" conditionals="0" coveredconditionals="0" methods="0" coveredmethods="0"/>
        </file>
      </package>
      <package name="proj.src.components.devices.instruments">
        <metrics statements="4" coveredstatements="2" conditionals="0" coveredconditionals="0" methods="2" coveredmethods="0"/>
        <file name="MonoSynth.js" path="/Users/jon/coding/webaudioproj/proj/src/components/devices/instruments/MonoSynth.js">
          <metrics statements="4" coveredstatements="2" conditionals="0" coveredconditionals="0" methods="2" coveredmethods="0"/>
          <line num="9" count="1" type="stmt"/>
          <line num="28" count="0" type="stmt"/>
          <line num="30" count="0" type="stmt"/>
          <line num="38" count="1" type="stmt"/>
        </file>
      </package>
      <package name="proj.src.components.generic">
        <metrics statements="4" coveredstatements="3" conditionals="0" coveredconditionals="0" methods="1" coveredmethods="0"/>
        <file name="Text.js" path="/Users/jon/coding/webaudioproj/proj/src/components/generic/Text.js">
          <metrics statements="4" coveredstatements="3" conditionals="0" coveredconditionals="0" methods="1" coveredmethods="0"/>
          <line num="5" count="1" type="stmt"/>
          <line num="11" count="1" type="stmt"/>
          <line num="12" count="0" type="stmt"/>
          <line num="19" count="1" type="stmt"/>
        </file>
      </package>
      <package name="proj.src.redux">
        <metrics statements="8" coveredstatements="7" conditionals="6" coveredconditionals="4" methods="0" coveredmethods="0"/>
        <file name="initialState.js" path="/Users/jon/coding/webaudioproj/proj/src/redux/initialState.js">
          <metrics statements="1" coveredstatements="1" conditionals="0" coveredconditionals="0" methods="0" coveredmethods="0"/>
          <line num="4" count="1" type="stmt"/>
        </file>
        <file name="store.js" path="/Users/jon/coding/webaudioproj/proj/src/redux/store.js">
          <metrics statements="7" coveredstatements="6" conditionals="6" coveredconditionals="4" methods="0" coveredmethods="0"/>
          <line num="1" count="1" type="cond" truecount="1" falsecount="1"/>
          <line num="7" count="1" type="stmt"/>
          <line num="12" count="1" type="stmt"/>
          <line num="15" count="1" type="cond" truecount="3" falsecount="1"/>
          <line num="16" count="0" type="stmt"/>
          <line num="19" count="1" type="stmt"/>
          <line num="26" count="1" type="stmt"/>
        </file>
      </package>
      <package name="proj.src.redux.reducers">
        <metrics statements="14" coveredstatements="6" conditionals="7" coveredconditionals="4" methods="3" coveredmethods="3"/>
        <file name="global.js" path="/Users/jon/coding/webaudioproj/proj/src/redux/reducers/global.js">
          <metrics statements="3" coveredstatements="2" conditionals="3" coveredconditionals="2" methods="1" coveredmethods="1"/>
          <line num="5" count="4" type="cond" truecount="1" falsecount="1"/>
          <line num="7" count="0" type="stmt"/>
          <line num="13" count="4" type="stmt"/>
        </file>
        <file name="index.js" path="/Users/jon/coding/webaudioproj/proj/src/redux/reducers/index.js">
          <metrics statements="2" coveredstatements="2" conditionals="0" coveredconditionals="0" methods="1" coveredmethods="1"/>
          <line num="8" count="1" type="stmt"/>
          <line num="14" count="2" type="stmt"/>
        </file>
        <file name="tracks.js" path="/Users/jon/coding/webaudioproj/proj/src/redux/reducers/tracks.js">
          <metrics statements="9" coveredstatements="2" conditionals="4" coveredconditionals="2" methods="1" coveredmethods="1"/>
          <line num="7" count="4" type="cond" truecount="1" falsecount="2"/>
          <line num="11" count="0" type="stmt"/>
          <line num="13" count="0" type="stmt"/>
          <line num="15" count="0" type="stmt"/>
          <line num="20" count="0" type="stmt"/>
          <line num="25" count="0" type="stmt"/>
          <line num="29" count="0" type="stmt"/>
          <line num="33" count="0" type="stmt"/>
          <line num="38" count="4" type="stmt"/>
        </file>
      </package>
      <package name="proj.src.redux.reducers.reducerUtils">
        <metrics statements="21" coveredstatements="20" conditionals="8" coveredconditionals="6" methods="7" coveredmethods="7"/>
        <file name="NoteMaker.js" path="/Users/jon/coding/webaudioproj/proj/src/redux/reducers/reducerUtils/NoteMaker.js">
          <metrics statements="21" coveredstatements="20" conditionals="8" coveredconditionals="6" methods="7" coveredmethods="7"/>
          <line num="20" count="2" type="stmt"/>
          <line num="21" count="2" type="stmt"/>
          <line num="22" count="2" type="stmt"/>
          <line num="30" count="2" type="stmt"/>
          <line num="32" count="2" type="stmt"/>
          <line num="34" count="2" type="stmt"/>
          <line num="35" count="2046" type="stmt"/>
          <line num="38" count="2" type="stmt"/>
          <line num="42" count="2048" type="stmt"/>
          <line num="43" count="2048" type="stmt"/>
          <line num="44" count="2048" type="stmt"/>
          <line num="49" count="2048" type="cond" truecount="2" falsecount="0"/>
          <line num="50" count="1024" type="stmt"/>
          <line num="56" count="2048" type="stmt"/>
          <line num="57" count="1024" type="cond" truecount="1" falsecount="1"/>
          <line num="58" count="0" type="stmt"/>
          <line num="69" count="2048" type="stmt"/>
          <line num="76" count="2048" type="cond" truecount="2" falsecount="0"/>
          <line num="77" count="2" type="stmt"/>
          <line num="79" count="2046" type="cond" truecount="1" falsecount="1"/>
          <line num="82" count="2048" type="stmt"/>
        </file>
      </package>
      <package name="proj.src.util">
        <metrics statements="4" coveredstatements="0" conditionals="0" coveredconditionals="0" methods="1" coveredmethods="0"/>
        <file name="arrays.js" path="/Users/jon/coding/webaudioproj/proj/src/util/arrays.js">
          <metrics statements="4" coveredstatements="0" conditionals="0" coveredconditionals="0" methods="1" coveredmethods="0"/>
          <line num="4" count="0" type="stmt"/>
          <line num="6" count="0" type="stmt"/>
          <line num="7" count="0" type="stmt"/>
          <line num="10" count="0" type="stmt"/>
        </file>
      </package>
    </metrics>
  </project>
</coverage>
