<?xml version="1.0" encoding="UTF-8"?>
<coverage generated="1534302361711" clover="3.2.0">
  <project timestamp="1534302361712" name="All files">
    <metrics statements="21" coveredstatements="21" conditionals="8" coveredconditionals="6" methods="7" coveredmethods="7" elements="36" coveredelements="34" complexity="0" loc="21" ncloc="21" packages="1" files="1" classes="1">
      <file name="NoteMaker.js" path="/Users/jon/coding/webaudioproj/proj/src/redux/reducers/reducerUtils/NoteMaker.js">
        <metrics statements="21" coveredstatements="21" conditionals="8" coveredconditionals="6" methods="7" coveredmethods="7"/>
        <line num="16" count="2" type="stmt"/>
        <line num="17" count="2" type="stmt"/>
        <line num="18" count="2" type="stmt"/>
        <line num="26" count="2" type="stmt"/>
        <line num="28" count="2" type="stmt"/>
        <line num="30" count="2" type="stmt"/>
        <line num="31" count="2046" type="stmt"/>
        <line num="34" count="2" type="stmt"/>
        <line num="38" count="2048" type="stmt"/>
        <line num="39" count="2048" type="stmt"/>
        <line num="40" count="2048" type="stmt"/>
        <line num="45" count="2048" type="cond" truecount="2" falsecount="0"/>
        <line num="46" count="1024" type="stmt"/>
        <line num="52" count="2048" type="stmt"/>
        <line num="53" count="1024" type="cond" truecount="1" falsecount="1"/>
        <line num="54" count="1024" type="stmt"/>
        <line num="60" count="2048" type="stmt"/>
        <line num="65" count="2048" type="cond" truecount="2" falsecount="0"/>
        <line num="66" count="2" type="stmt"/>
        <line num="68" count="2046" type="cond" truecount="1" falsecount="1"/>
        <line num="71" count="2048" type="stmt"/>
      </file>
    </metrics>
  </project>
</coverage>
