{"/Users/jon/coding/webaudioproj/proj/src/redux/reducers/reducerUtils/NoteMaker.js": {"path":"/Users/jon/coding/webaudioproj/proj/src/redux/reducers/reducerUtils/NoteMaker.js","statementMap":{"0":{"start":{"line":16,"column":4},"end":{"line":16,"column":29}},"1":{"start":{"line":17,"column":4},"end":{"line":17,"column":35}},"2":{"start":{"line":18,"column":4},"end":{"line":18,"column":42}},"3":{"start":{"line":26,"column":8},"end":{"line":26,"column":24}},"4":{"start":{"line":28,"column":4},"end":{"line":28,"column":68}},"5":{"start":{"line":30,"column":4},"end":{"line":32,"column":5}},"6":{"start":{"line":31,"column":6},"end":{"line":31,"column":66}},"7":{"start":{"line":34,"column":4},"end":{"line":34,"column":25}},"8":{"start":{"line":38,"column":4},"end":{"line":38,"column":51}},"9":{"start":{"line":39,"column":4},"end":{"line":39,"column":52}},"10":{"start":{"line":40,"column":4},"end":{"line":40,"column":68}},"11":{"start":{"line":45,"column":4},"end":{"line":47,"column":5}},"12":{"start":{"line":46,"column":6},"end":{"line":46,"column":32}},"13":{"start":{"line":52,"column":4},"end":{"line":56,"column":6}},"14":{"start":{"line":53,"column":6},"end":{"line":55,"column":7}},"15":{"start":{"line":54,"column":8},"end":{"line":54,"column":46}},"16":{"start":{"line":60,"column":22},"end":{"line":63,"column":5}},"17":{"start":{"line":65,"column":4},"end":{"line":69,"column":5}},"18":{"start":{"line":66,"column":6},"end":{"line":66,"column":38}},"19":{"start":{"line":68,"column":6},"end":{"line":68,"column":76}},"20":{"start":{"line":71,"column":4},"end":{"line":71,"column":21}}},"fnMap":{"0":{"name":"(anonymous_0)","decl":{"start":{"line":15,"column":2},"end":{"line":15,"column":3}},"loc":{"start":{"line":15,"column":73},"end":{"line":19,"column":3}},"line":15},"1":{"name":"(anonymous_1)","decl":{"start":{"line":21,"column":2},"end":{"line":21,"column":3}},"loc":{"start":{"line":21,"column":41},"end":{"line":35,"column":3}},"line":21},"2":{"name":"(anonymous_2)","decl":{"start":{"line":37,"column":2},"end":{"line":37,"column":3}},"loc":{"start":{"line":37,"column":82},"end":{"line":41,"column":3}},"line":37},"3":{"name":"(anonymous_3)","decl":{"start":{"line":43,"column":2},"end":{"line":43,"column":3}},"loc":{"start":{"line":43,"column":58},"end":{"line":48,"column":3}},"line":43},"4":{"name":"(anonymous_4)","decl":{"start":{"line":50,"column":2},"end":{"line":50,"column":3}},"loc":{"start":{"line":50,"column":59},"end":{"line":57,"column":3}},"line":50},"5":{"name":"(anonymous_5)","decl":{"start":{"line":52,"column":33},"end":{"line":52,"column":34}},"loc":{"start":{"line":52,"column":55},"end":{"line":56,"column":5}},"line":52},"6":{"name":"(anonymous_6)","decl":{"start":{"line":59,"column":2},"end":{"line":59,"column":3}},"loc":{"start":{"line":59,"column":41},"end":{"line":72,"column":3}},"line":59}},"branchMap":{"0":{"loc":{"start":{"line":45,"column":4},"end":{"line":47,"column":5}},"type":"if","locations":[{"start":{"line":45,"column":4},"end":{"line":47,"column":5}},{"start":{"line":45,"column":4},"end":{"line":47,"column":5}}],"line":45},"1":{"loc":{"start":{"line":53,"column":6},"end":{"line":55,"column":7}},"type":"if","locations":[{"start":{"line":53,"column":6},"end":{"line":55,"column":7}},{"start":{"line":53,"column":6},"end":{"line":55,"column":7}}],"line":53},"2":{"loc":{"start":{"line":65,"column":4},"end":{"line":69,"column":5}},"type":"if","locations":[{"start":{"line":65,"column":4},"end":{"line":69,"column":5}},{"start":{"line":65,"column":4},"end":{"line":69,"column":5}}],"line":65},"3":{"loc":{"start":{"line":68,"column":30},"end":{"line":68,"column":76}},"type":"cond-expr","locations":[{"start":{"line":68,"column":53},"end":{"line":68,"column":57}},{"start":{"line":68,"column":60},"end":{"line":68,"column":76}}],"line":68}},"s":{"0":2,"1":2,"2":2,"3":2,"4":2,"5":2,"6":2046,"7":2,"8":2048,"9":2048,"10":2048,"11":2048,"12":1024,"13":2048,"14":1024,"15":0,"16":2048,"17":2048,"18":2,"19":2046,"20":2048},"f":{"0":2,"1":2,"2":2048,"3":2048,"4":2048,"5":1024,"6":2048},"b":{"0":[1024,1024],"1":[0,1024],"2":[2,2046],"3":[0,2046]},"_coverageSchema":"332fd63041d2c1bcb487cc26dd0d5f7d97098a6c","hash":"2da0b6fc9312099cd23189a1a4ee72aa37d342af"}
}
