{"/Users/jon/coding/webaudioproj/proj/setupTests.js": {"path":"/Users/jon/coding/webaudioproj/proj/setupTests.js","statementMap":{"0":{"start":{"line":3,"column":0},"end":{"line":3,"column":38}}},"fnMap":{},"branchMap":{},"s":{"0":3},"f":{},"b":{},"_coverageSchema":"332fd63041d2c1bcb487cc26dd0d5f7d97098a6c","hash":"64b61132551438e6d8d14958b2906450ebc0ac76"}
,"/Users/jon/coding/webaudioproj/proj/src/components/App.js": {"path":"/Users/jon/coding/webaudioproj/proj/src/components/App.js","statementMap":{"0":{"start":{"line":10,"column":23},"end":{"line":26,"column":1}},"1":{"start":{"line":36,"column":24},"end":{"line":36,"column":34}},"2":{"start":{"line":38,"column":4},"end":{"line":44,"column":6}},"3":{"start":{"line":48,"column":0},"end":{"line":48,"column":31}}},"fnMap":{"0":{"name":"(anonymous_0)","decl":{"start":{"line":35,"column":2},"end":{"line":35,"column":3}},"loc":{"start":{"line":35,"column":11},"end":{"line":45,"column":3}},"line":35}},"branchMap":{},"s":{"0":1,"1":0,"2":0,"3":1},"f":{"0":0},"b":{},"_coverageSchema":"332fd63041d2c1bcb487cc26dd0d5f7d97098a6c","hash":"29d515181c6bf7424ade9cbbdf73e598d26998f2"}
,"/Users/jon/coding/webaudioproj/proj/src/components/Arrangement.js": {"path":"/Users/jon/coding/webaudioproj/proj/src/components/Arrangement.js","statementMap":{"0":{"start":{"line":6,"column":14},"end":{"line":6,"column":30}},"1":{"start":{"line":10,"column":23},"end":{"line":23,"column":1}},"2":{"start":{"line":34,"column":32},"end":{"line":34,"column":42}},"3":{"start":{"line":36,"column":25},"end":{"line":38,"column":6}},"4":{"start":{"line":37,"column":6},"end":{"line":37,"column":53}},"5":{"start":{"line":40,"column":4},"end":{"line":44,"column":6}},"6":{"start":{"line":48,"column":24},"end":{"line":52,"column":1}},"7":{"start":{"line":49,"column":2},"end":{"line":51,"column":3}},"8":{"start":{"line":54,"column":0},"end":{"line":54,"column":52}},"9":{"start":{"line":55,"column":0},"end":{"line":55,"column":47}}},"fnMap":{"0":{"name":"(anonymous_0)","decl":{"start":{"line":33,"column":2},"end":{"line":33,"column":3}},"loc":{"start":{"line":33,"column":11},"end":{"line":45,"column":3}},"line":33},"1":{"name":"(anonymous_1)","decl":{"start":{"line":36,"column":36},"end":{"line":36,"column":37}},"loc":{"start":{"line":36,"column":54},"end":{"line":38,"column":5}},"line":36},"2":{"name":"(anonymous_2)","decl":{"start":{"line":48,"column":24},"end":{"line":48,"column":25}},"loc":{"start":{"line":48,"column":33},"end":{"line":52,"column":1}},"line":48}},"branchMap":{},"s":{"0":1,"1":1,"2":0,"3":0,"4":0,"5":0,"6":1,"7":0,"8":1,"9":1},"f":{"0":0,"1":0,"2":0},"b":{},"_coverageSchema":"332fd63041d2c1bcb487cc26dd0d5f7d97098a6c","hash":"5a5419e7c01d3b1665b09ba6ebfc92ae3a57f377"}
,"/Users/jon/coding/webaudioproj/proj/src/components/DeviceBar.js": {"path":"/Users/jon/coding/webaudioproj/proj/src/components/DeviceBar.js","statementMap":{"0":{"start":{"line":8,"column":23},"end":{"line":21,"column":1}},"1":{"start":{"line":14,"column":21},"end":{"line":14,"column":50}},"2":{"start":{"line":16,"column":22},"end":{"line":16,"column":50}},"3":{"start":{"line":33,"column":24},"end":{"line":33,"column":34}},"4":{"start":{"line":35,"column":4},"end":{"line":39,"column":6}},"5":{"start":{"line":43,"column":24},"end":{"line":47,"column":1}},"6":{"start":{"line":44,"column":2},"end":{"line":46,"column":3}},"7":{"start":{"line":49,"column":0},"end":{"line":49,"column":48}},"8":{"start":{"line":50,"column":0},"end":{"line":50,"column":43}}},"fnMap":{"0":{"name":"(anonymous_0)","decl":{"start":{"line":14,"column":12},"end":{"line":14,"column":13}},"loc":{"start":{"line":14,"column":21},"end":{"line":14,"column":50}},"line":14},"1":{"name":"(anonymous_1)","decl":{"start":{"line":16,"column":13},"end":{"line":16,"column":14}},"loc":{"start":{"line":16,"column":22},"end":{"line":16,"column":50}},"line":16},"2":{"name":"(anonymous_2)","decl":{"start":{"line":32,"column":2},"end":{"line":32,"column":3}},"loc":{"start":{"line":32,"column":11},"end":{"line":40,"column":3}},"line":32},"3":{"name":"(anonymous_3)","decl":{"start":{"line":43,"column":24},"end":{"line":43,"column":25}},"loc":{"start":{"line":43,"column":33},"end":{"line":47,"column":1}},"line":43}},"branchMap":{},"s":{"0":1,"1":0,"2":0,"3":0,"4":0,"5":1,"6":0,"7":1,"8":1},"f":{"0":0,"1":0,"2":0,"3":0},"b":{},"_coverageSchema":"332fd63041d2c1bcb487cc26dd0d5f7d97098a6c","hash":"5d094868a1d2103b25a6f6f3478a6557fd65642d"}
,"/Users/jon/coding/webaudioproj/proj/src/components/TitleBar.js": {"path":"/Users/jon/coding/webaudioproj/proj/src/components/TitleBar.js","statementMap":{"0":{"start":{"line":6,"column":23},"end":{"line":17,"column":1}},"1":{"start":{"line":12,"column":21},"end":{"line":12,"column":42}},"2":{"start":{"line":29,"column":24},"end":{"line":29,"column":34}},"3":{"start":{"line":31,"column":4},"end":{"line":34,"column":6}},"4":{"start":{"line":38,"column":24},"end":{"line":43,"column":1}},"5":{"start":{"line":39,"column":2},"end":{"line":42,"column":3}},"6":{"start":{"line":45,"column":0},"end":{"line":45,"column":41}},"7":{"start":{"line":46,"column":0},"end":{"line":46,"column":46}}},"fnMap":{"0":{"name":"(anonymous_0)","decl":{"start":{"line":12,"column":12},"end":{"line":12,"column":13}},"loc":{"start":{"line":12,"column":21},"end":{"line":12,"column":42}},"line":12},"1":{"name":"(anonymous_1)","decl":{"start":{"line":28,"column":2},"end":{"line":28,"column":3}},"loc":{"start":{"line":28,"column":11},"end":{"line":35,"column":3}},"line":28},"2":{"name":"(anonymous_2)","decl":{"start":{"line":38,"column":24},"end":{"line":38,"column":25}},"loc":{"start":{"line":38,"column":33},"end":{"line":43,"column":1}},"line":38}},"branchMap":{},"s":{"0":1,"1":0,"2":0,"3":0,"4":1,"5":0,"6":1,"7":1},"f":{"0":0,"1":0,"2":0},"b":{},"_coverageSchema":"332fd63041d2c1bcb487cc26dd0d5f7d97098a6c","hash":"79a004be5fd43c9a0fe1e0811566e053742b3fcc"}
,"/Users/jon/coding/webaudioproj/proj/src/components/arrangement/Track/Track.js": {"path":"/Users/jon/coding/webaudioproj/proj/src/components/arrangement/Track/Track.js","statementMap":{"0":{"start":{"line":8,"column":23},"end":{"line":18,"column":1}},"1":{"start":{"line":11,"column":21},"end":{"line":11,"column":43}},"2":{"start":{"line":12,"column":20},"end":{"line":12,"column":68}},"3":{"start":{"line":13,"column":26},"end":{"line":13,"column":58}},"4":{"start":{"line":16,"column":27},"end":{"line":16,"column":58}},"5":{"start":{"line":32,"column":36},"end":{"line":32,"column":46}},"6":{"start":{"line":34,"column":4},"end":{"line":39,"column":6}},"7":{"start":{"line":43,"column":24},"end":{"line":48,"column":1}},"8":{"start":{"line":44,"column":2},"end":{"line":47,"column":3}},"9":{"start":{"line":50,"column":0},"end":{"line":50,"column":35}},"10":{"start":{"line":51,"column":0},"end":{"line":51,"column":40}}},"fnMap":{"0":{"name":"(anonymous_0)","decl":{"start":{"line":11,"column":12},"end":{"line":11,"column":13}},"loc":{"start":{"line":11,"column":21},"end":{"line":11,"column":43}},"line":11},"1":{"name":"(anonymous_1)","decl":{"start":{"line":12,"column":11},"end":{"line":12,"column":12}},"loc":{"start":{"line":12,"column":20},"end":{"line":12,"column":68}},"line":12},"2":{"name":"(anonymous_2)","decl":{"start":{"line":13,"column":17},"end":{"line":13,"column":18}},"loc":{"start":{"line":13,"column":26},"end":{"line":13,"column":58}},"line":13},"3":{"name":"(anonymous_3)","decl":{"start":{"line":16,"column":18},"end":{"line":16,"column":19}},"loc":{"start":{"line":16,"column":27},"end":{"line":16,"column":58}},"line":16},"4":{"name":"(anonymous_4)","decl":{"start":{"line":31,"column":2},"end":{"line":31,"column":3}},"loc":{"start":{"line":31,"column":11},"end":{"line":40,"column":3}},"line":31},"5":{"name":"(anonymous_5)","decl":{"start":{"line":43,"column":24},"end":{"line":43,"column":25}},"loc":{"start":{"line":43,"column":45},"end":{"line":48,"column":1}},"line":43}},"branchMap":{},"s":{"0":1,"1":0,"2":0,"3":0,"4":0,"5":0,"6":0,"7":1,"8":0,"9":1,"10":1},"f":{"0":0,"1":0,"2":0,"3":0,"4":0,"5":0},"b":{},"_coverageSchema":"332fd63041d2c1bcb487cc26dd0d5f7d97098a6c","hash":"32b4e6aaabd39befb1266f3306003b27990207de"}
,"/Users/jon/coding/webaudioproj/proj/src/components/arrangement/Track/TrackOptions.js": {"path":"/Users/jon/coding/webaudioproj/proj/src/components/arrangement/Track/TrackOptions.js","statementMap":{"0":{"start":{"line":8,"column":24},"end":{"line":17,"column":1}},"1":{"start":{"line":11,"column":20},"end":{"line":11,"column":31}},"2":{"start":{"line":30,"column":42},"end":{"line":30,"column":52}},"3":{"start":{"line":32,"column":4},"end":{"line":72,"column":6}},"4":{"start":{"line":46,"column":12},"end":{"line":51,"column":14}},"5":{"start":{"line":61,"column":12},"end":{"line":66,"column":14}},"6":{"start":{"line":77,"column":27},"end":{"line":82,"column":2}},"7":{"start":{"line":77,"column":40},"end":{"line":82,"column":1}},"8":{"start":{"line":78,"column":25},"end":{"line":81,"column":4}},"9":{"start":{"line":84,"column":0},"end":{"line":84,"column":63}},"10":{"start":{"line":85,"column":0},"end":{"line":85,"column":49}}},"fnMap":{"0":{"name":"(anonymous_0)","decl":{"start":{"line":11,"column":11},"end":{"line":11,"column":12}},"loc":{"start":{"line":11,"column":20},"end":{"line":11,"column":31}},"line":11},"1":{"name":"(anonymous_1)","decl":{"start":{"line":29,"column":2},"end":{"line":29,"column":3}},"loc":{"start":{"line":29,"column":11},"end":{"line":73,"column":3}},"line":29},"2":{"name":"(anonymous_2)","decl":{"start":{"line":45,"column":19},"end":{"line":45,"column":20}},"loc":{"start":{"line":45,"column":25},"end":{"line":52,"column":11}},"line":45},"3":{"name":"(anonymous_3)","decl":{"start":{"line":60,"column":19},"end":{"line":60,"column":20}},"loc":{"start":{"line":60,"column":25},"end":{"line":67,"column":11}},"line":60},"4":{"name":"(anonymous_4)","decl":{"start":{"line":77,"column":27},"end":{"line":77,"column":28}},"loc":{"start":{"line":77,"column":40},"end":{"line":82,"column":1}},"line":77},"5":{"name":"(anonymous_5)","decl":{"start":{"line":78,"column":14},"end":{"line":78,"column":15}},"loc":{"start":{"line":78,"column":25},"end":{"line":81,"column":4}},"line":78}},"branchMap":{},"s":{"0":1,"1":0,"2":0,"3":0,"4":0,"5":0,"6":1,"7":0,"8":0,"9":1,"10":1},"f":{"0":0,"1":0,"2":0,"3":0,"4":0,"5":0},"b":{},"_coverageSchema":"332fd63041d2c1bcb487cc26dd0d5f7d97098a6c","hash":"7c063878dcd601364f4cdd00d248a91b08aebba1"}
,"/Users/jon/coding/webaudioproj/proj/src/components/arrangement/Track/TrackContent/BarBackdrops.js": {"path":"/Users/jon/coding/webaudioproj/proj/src/components/arrangement/Track/TrackContent/BarBackdrops.js","statementMap":{"0":{"start":{"line":25,"column":8},"end":{"line":25,"column":18}},"1":{"start":{"line":40,"column":24},"end":{"line":50,"column":5}},"2":{"start":{"line":41,"column":6},"end":{"line":49,"column":8}},"3":{"start":{"line":52,"column":31},"end":{"line":79,"column":5}},"4":{"start":{"line":53,"column":27},"end":{"line":53,"column":29}},"5":{"start":{"line":54,"column":23},"end":{"line":54,"column":54}},"6":{"start":{"line":56,"column":18},"end":{"line":56,"column":19}},"7":{"start":{"line":64,"column":6},"end":{"line":76,"column":7}},"8":{"start":{"line":65,"column":20},"end":{"line":65,"column":53}},"9":{"start":{"line":67,"column":8},"end":{"line":74,"column":9}},"10":{"start":{"line":75,"column":8},"end":{"line":75,"column":16}},"11":{"start":{"line":78,"column":6},"end":{"line":78,"column":26}},"12":{"start":{"line":81,"column":4},"end":{"line":85,"column":6}},"13":{"start":{"line":89,"column":24},"end":{"line":93,"column":1}},"14":{"start":{"line":90,"column":2},"end":{"line":92,"column":3}},"15":{"start":{"line":95,"column":0},"end":{"line":95,"column":54}}},"fnMap":{"0":{"name":"(anonymous_0)","decl":{"start":{"line":18,"column":2},"end":{"line":18,"column":3}},"loc":{"start":{"line":18,"column":11},"end":{"line":86,"column":3}},"line":18},"1":{"name":"(anonymous_1)","decl":{"start":{"line":40,"column":24},"end":{"line":40,"column":25}},"loc":{"start":{"line":41,"column":6},"end":{"line":49,"column":8}},"line":41},"2":{"name":"(anonymous_2)","decl":{"start":{"line":52,"column":31},"end":{"line":52,"column":32}},"loc":{"start":{"line":52,"column":37},"end":{"line":79,"column":5}},"line":52},"3":{"name":"(anonymous_3)","decl":{"start":{"line":89,"column":24},"end":{"line":89,"column":25}},"loc":{"start":{"line":89,"column":33},"end":{"line":93,"column":1}},"line":89}},"branchMap":{"0":{"loc":{"start":{"line":65,"column":20},"end":{"line":65,"column":53}},"type":"cond-expr","locations":[{"start":{"line":65,"column":38},"end":{"line":65,"column":44}},{"start":{"line":65,"column":47},"end":{"line":65,"column":53}}],"line":65}},"s":{"0":0,"1":0,"2":0,"3":0,"4":0,"5":0,"6":0,"7":0,"8":0,"9":0,"10":0,"11":0,"12":0,"13":2,"14":0,"15":2},"f":{"0":0,"1":0,"2":0,"3":0},"b":{"0":[0,0]},"_coverageSchema":"332fd63041d2c1bcb487cc26dd0d5f7d97098a6c","hash":"230f8ff1f9e91e7bad0ec67321cd113a189b9859"}
,"/Users/jon/coding/webaudioproj/proj/src/components/arrangement/Track/TrackContent/GridLines.js": {"path":"/Users/jon/coding/webaudioproj/proj/src/components/arrangement/Track/TrackContent/GridLines.js","statementMap":{"0":{"start":{"line":34,"column":16},"end":{"line":34,"column":18}},"1":{"start":{"line":37,"column":2},"end":{"line":60,"column":3}},"2":{"start":{"line":39,"column":4},"end":{"line":50,"column":5}},"3":{"start":{"line":40,"column":6},"end":{"line":40,"column":13}},"4":{"start":{"line":41,"column":6},"end":{"line":41,"column":13}},"5":{"start":{"line":42,"column":6},"end":{"line":42,"column":18}},"6":{"start":{"line":43,"column":6},"end":{"line":43,"column":13}},"7":{"start":{"line":45,"column":11},"end":{"line":50,"column":5}},"8":{"start":{"line":46,"column":6},"end":{"line":46,"column":13}},"9":{"start":{"line":47,"column":6},"end":{"line":47,"column":13}},"10":{"start":{"line":48,"column":6},"end":{"line":48,"column":13}},"11":{"start":{"line":49,"column":6},"end":{"line":49,"column":18}},"12":{"start":{"line":52,"column":4},"end":{"line":59,"column":5}},"13":{"start":{"line":62,"column":2},"end":{"line":62,"column":15}},"14":{"start":{"line":80,"column":8},"end":{"line":80,"column":18}},"15":{"start":{"line":84,"column":4},"end":{"line":93,"column":5}},"16":{"start":{"line":85,"column":6},"end":{"line":92,"column":9}},"17":{"start":{"line":95,"column":4},"end":{"line":104,"column":5}},"18":{"start":{"line":96,"column":6},"end":{"line":103,"column":9}},"19":{"start":{"line":106,"column":4},"end":{"line":111,"column":6}}},"fnMap":{"0":{"name":"lines","decl":{"start":{"line":33,"column":9},"end":{"line":33,"column":14}},"loc":{"start":{"line":33,"column":93},"end":{"line":63,"column":1}},"line":33},"1":{"name":"(anonymous_1)","decl":{"start":{"line":66,"column":2},"end":{"line":66,"column":3}},"loc":{"start":{"line":66,"column":11},"end":{"line":112,"column":3}},"line":66}},"branchMap":{"0":{"loc":{"start":{"line":39,"column":4},"end":{"line":50,"column":5}},"type":"if","locations":[{"start":{"line":39,"column":4},"end":{"line":50,"column":5}},{"start":{"line":39,"column":4},"end":{"line":50,"column":5}}],"line":39},"1":{"loc":{"start":{"line":45,"column":11},"end":{"line":50,"column":5}},"type":"if","locations":[{"start":{"line":45,"column":11},"end":{"line":50,"column":5}},{"start":{"line":45,"column":11},"end":{"line":50,"column":5}}],"line":45},"2":{"loc":{"start":{"line":84,"column":4},"end":{"line":93,"column":5}},"type":"if","locations":[{"start":{"line":84,"column":4},"end":{"line":93,"column":5}},{"start":{"line":84,"column":4},"end":{"line":93,"column":5}}],"line":84},"3":{"loc":{"start":{"line":95,"column":4},"end":{"line":104,"column":5}},"type":"if","locations":[{"start":{"line":95,"column":4},"end":{"line":104,"column":5}},{"start":{"line":95,"column":4},"end":{"line":104,"column":5}}],"line":95}},"s":{"0":0,"1":0,"2":0,"3":0,"4":0,"5":0,"6":0,"7":0,"8":0,"9":0,"10":0,"11":0,"12":0,"13":0,"14":0,"15":0,"16":0,"17":0,"18":0,"19":0},"f":{"0":0,"1":0},"b":{"0":[0,0],"1":[0,0],"2":[0,0],"3":[0,0]},"_coverageSchema":"332fd63041d2c1bcb487cc26dd0d5f7d97098a6c","hash":"75732ac38b5bffaa8bb0c73b063ef7b220b2c75c"}
,"/Users/jon/coding/webaudioproj/proj/src/components/arrangement/Track/TrackContent/Notes.js": {"path":"/Users/jon/coding/webaudioproj/proj/src/components/arrangement/Track/TrackContent/Notes.js","statementMap":{"0":{"start":{"line":18,"column":53},"end":{"line":18,"column":63}},"1":{"start":{"line":20,"column":17},"end":{"line":36,"column":5}},"2":{"start":{"line":21,"column":29},"end":{"line":21,"column":44}},"3":{"start":{"line":22,"column":29},"end":{"line":22,"column":41}},"4":{"start":{"line":24,"column":6},"end":{"line":35,"column":7}},"5":{"start":{"line":41,"column":18},"end":{"line":41,"column":20}},"6":{"start":{"line":43,"column":4},"end":{"line":57,"column":6}},"7":{"start":{"line":44,"column":6},"end":{"line":56,"column":8}},"8":{"start":{"line":45,"column":8},"end":{"line":55,"column":9}},"9":{"start":{"line":46,"column":10},"end":{"line":51,"column":12}},"10":{"start":{"line":52,"column":15},"end":{"line":55,"column":9}},"11":{"start":{"line":53,"column":24},"end":{"line":53,"column":88}},"12":{"start":{"line":53,"column":51},"end":{"line":53,"column":87}},"13":{"start":{"line":54,"column":10},"end":{"line":54,"column":34}},"14":{"start":{"line":59,"column":4},"end":{"line":63,"column":6}},"15":{"start":{"line":61,"column":27},"end":{"line":61,"column":117}},"16":{"start":{"line":68,"column":24},"end":{"line":72,"column":1}},"17":{"start":{"line":69,"column":2},"end":{"line":71,"column":3}},"18":{"start":{"line":74,"column":0},"end":{"line":74,"column":40}}},"fnMap":{"0":{"name":"(anonymous_0)","decl":{"start":{"line":17,"column":2},"end":{"line":17,"column":3}},"loc":{"start":{"line":17,"column":11},"end":{"line":64,"column":3}},"line":17},"1":{"name":"(anonymous_1)","decl":{"start":{"line":20,"column":17},"end":{"line":20,"column":18}},"loc":{"start":{"line":20,"column":52},"end":{"line":36,"column":5}},"line":20},"2":{"name":"(anonymous_2)","decl":{"start":{"line":43,"column":21},"end":{"line":43,"column":22}},"loc":{"start":{"line":43,"column":42},"end":{"line":57,"column":5}},"line":43},"3":{"name":"(anonymous_3)","decl":{"start":{"line":44,"column":23},"end":{"line":44,"column":24}},"loc":{"start":{"line":44,"column":36},"end":{"line":56,"column":7}},"line":44},"4":{"name":"(anonymous_4)","decl":{"start":{"line":53,"column":40},"end":{"line":53,"column":41}},"loc":{"start":{"line":53,"column":51},"end":{"line":53,"column":87}},"line":53},"5":{"name":"(anonymous_5)","decl":{"start":{"line":61,"column":19},"end":{"line":61,"column":20}},"loc":{"start":{"line":61,"column":27},"end":{"line":61,"column":117}},"line":61},"6":{"name":"(anonymous_6)","decl":{"start":{"line":68,"column":24},"end":{"line":68,"column":25}},"loc":{"start":{"line":68,"column":45},"end":{"line":72,"column":1}},"line":68}},"branchMap":{"0":{"loc":{"start":{"line":45,"column":8},"end":{"line":55,"column":9}},"type":"if","locations":[{"start":{"line":45,"column":8},"end":{"line":55,"column":9}},{"start":{"line":45,"column":8},"end":{"line":55,"column":9}}],"line":45},"1":{"loc":{"start":{"line":52,"column":15},"end":{"line":55,"column":9}},"type":"if","locations":[{"start":{"line":52,"column":15},"end":{"line":55,"column":9}},{"start":{"line":52,"column":15},"end":{"line":55,"column":9}}],"line":52}},"s":{"0":0,"1":0,"2":0,"3":0,"4":0,"5":0,"6":0,"7":0,"8":0,"9":0,"10":0,"11":0,"12":0,"13":0,"14":0,"15":0,"16":2,"17":0,"18":2},"f":{"0":0,"1":0,"2":0,"3":0,"4":0,"5":0,"6":0},"b":{"0":[0,0],"1":[0,0]},"_coverageSchema":"332fd63041d2c1bcb487cc26dd0d5f7d97098a6c","hash":"2162eea0bf7233b5e583c287c84aa8b7d2813732"}
,"/Users/jon/coding/webaudioproj/proj/src/components/arrangement/Track/TrackContent/Sequencer.js": {"path":"/Users/jon/coding/webaudioproj/proj/src/components/arrangement/Track/TrackContent/Sequencer.js","statementMap":{"0":{"start":{"line":23,"column":33},"end":{"line":23,"column":42}},"1":{"start":{"line":24,"column":16},"end":{"line":24,"column":46}},"2":{"start":{"line":25,"column":22},"end":{"line":25,"column":47}},"3":{"start":{"line":26,"column":4},"end":{"line":26,"column":50}},"4":{"start":{"line":28,"column":4},"end":{"line":33,"column":6}},"5":{"start":{"line":43,"column":8},"end":{"line":43,"column":18}},"6":{"start":{"line":45,"column":21},"end":{"line":45,"column":23}},"7":{"start":{"line":46,"column":22},"end":{"line":46,"column":60}},"8":{"start":{"line":48,"column":4},"end":{"line":82,"column":6}},"9":{"start":{"line":52,"column":26},"end":{"line":52,"column":81}},"10":{"start":{"line":87,"column":24},"end":{"line":92,"column":1}},"11":{"start":{"line":88,"column":2},"end":{"line":91,"column":3}},"12":{"start":{"line":94,"column":27},"end":{"line":99,"column":2}},"13":{"start":{"line":94,"column":40},"end":{"line":99,"column":1}},"14":{"start":{"line":95,"column":25},"end":{"line":98,"column":4}},"15":{"start":{"line":101,"column":0},"end":{"line":101,"column":68}}},"fnMap":{"0":{"name":"(anonymous_0)","decl":{"start":{"line":22,"column":2},"end":{"line":22,"column":3}},"loc":{"start":{"line":22,"column":53},"end":{"line":34,"column":3}},"line":22},"1":{"name":"(anonymous_1)","decl":{"start":{"line":36,"column":2},"end":{"line":36,"column":3}},"loc":{"start":{"line":36,"column":11},"end":{"line":83,"column":3}},"line":36},"2":{"name":"(anonymous_2)","decl":{"start":{"line":52,"column":17},"end":{"line":52,"column":18}},"loc":{"start":{"line":52,"column":26},"end":{"line":52,"column":81}},"line":52},"3":{"name":"(anonymous_3)","decl":{"start":{"line":87,"column":24},"end":{"line":87,"column":25}},"loc":{"start":{"line":87,"column":45},"end":{"line":92,"column":1}},"line":87},"4":{"name":"(anonymous_4)","decl":{"start":{"line":94,"column":27},"end":{"line":94,"column":28}},"loc":{"start":{"line":94,"column":40},"end":{"line":99,"column":1}},"line":94},"5":{"name":"(anonymous_5)","decl":{"start":{"line":95,"column":14},"end":{"line":95,"column":15}},"loc":{"start":{"line":95,"column":25},"end":{"line":98,"column":4}},"line":95}},"branchMap":{},"s":{"0":0,"1":0,"2":0,"3":0,"4":0,"5":0,"6":0,"7":0,"8":0,"9":0,"10":2,"11":0,"12":2,"13":0,"14":0,"15":2},"f":{"0":0,"1":0,"2":0,"3":0,"4":0,"5":0},"b":{},"_coverageSchema":"332fd63041d2c1bcb487cc26dd0d5f7d97098a6c","hash":"e832fcbfdf88fad35db4de07ebfa43bed111b60e"}
,"/Users/jon/coding/webaudioproj/proj/src/components/arrangement/Track/TrackContent/TrackContent.js": {"path":"/Users/jon/coding/webaudioproj/proj/src/components/arrangement/Track/TrackContent/TrackContent.js","statementMap":{"0":{"start":{"line":9,"column":23},"end":{"line":17,"column":1}},"1":{"start":{"line":32,"column":48},"end":{"line":32,"column":58}},"2":{"start":{"line":34,"column":4},"end":{"line":57,"column":6}},"3":{"start":{"line":39,"column":36},"end":{"line":39,"column":54}},"4":{"start":{"line":41,"column":10},"end":{"line":54,"column":11}},"5":{"start":{"line":61,"column":24},"end":{"line":65,"column":1}},"6":{"start":{"line":62,"column":2},"end":{"line":64,"column":3}},"7":{"start":{"line":67,"column":0},"end":{"line":67,"column":54}},"8":{"start":{"line":68,"column":0},"end":{"line":68,"column":49}}},"fnMap":{"0":{"name":"(anonymous_0)","decl":{"start":{"line":31,"column":2},"end":{"line":31,"column":3}},"loc":{"start":{"line":31,"column":11},"end":{"line":58,"column":3}},"line":31},"1":{"name":"(anonymous_1)","decl":{"start":{"line":38,"column":9},"end":{"line":38,"column":10}},"loc":{"start":{"line":38,"column":42},"end":{"line":55,"column":9}},"line":38},"2":{"name":"(anonymous_2)","decl":{"start":{"line":61,"column":24},"end":{"line":61,"column":25}},"loc":{"start":{"line":61,"column":45},"end":{"line":65,"column":1}},"line":61}},"branchMap":{"0":{"loc":{"start":{"line":46,"column":15},"end":{"line":51,"column":18}},"type":"binary-expr","locations":[{"start":{"line":46,"column":15},"end":{"line":46,"column":37}},{"start":{"line":47,"column":16},"end":{"line":51,"column":18}}],"line":46}},"s":{"0":1,"1":0,"2":0,"3":0,"4":0,"5":1,"6":0,"7":1,"8":1},"f":{"0":0,"1":0,"2":0},"b":{"0":[0,0]},"_coverageSchema":"332fd63041d2c1bcb487cc26dd0d5f7d97098a6c","hash":"e827c9e56d5bcc81f03bd60c59715ecc0a980933"}
,"/Users/jon/coding/webaudioproj/proj/src/components/devices/Device.js": {"path":"/Users/jon/coding/webaudioproj/proj/src/components/devices/Device.js","statementMap":{"0":{"start":{"line":7,"column":4},"end":{"line":9,"column":1}},"1":{"start":{"line":11,"column":23},"end":{"line":32,"column":1}},"2":{"start":{"line":44,"column":24},"end":{"line":44,"column":34}},"3":{"start":{"line":46,"column":4},"end":{"line":55,"column":6}},"4":{"start":{"line":59,"column":0},"end":{"line":59,"column":37}}},"fnMap":{"0":{"name":"(anonymous_0)","decl":{"start":{"line":43,"column":2},"end":{"line":43,"column":3}},"loc":{"start":{"line":43,"column":11},"end":{"line":56,"column":3}},"line":43}},"branchMap":{},"s":{"0":1,"1":1,"2":0,"3":0,"4":1},"f":{"0":0},"b":{},"_coverageSchema":"332fd63041d2c1bcb487cc26dd0d5f7d97098a6c","hash":"32dca36aec667d766069ff9ae16e40b98d6f3191"}
,"/Users/jon/coding/webaudioproj/proj/src/components/devices/deviceWidgets/Knob.js": {"path":"/Users/jon/coding/webaudioproj/proj/src/components/devices/deviceWidgets/Knob.js","statementMap":{"0":{"start":{"line":5,"column":23},"end":{"line":29,"column":1}},"1":{"start":{"line":43,"column":4},"end":{"line":43,"column":16}},"2":{"start":{"line":44,"column":4},"end":{"line":46,"column":5}},"3":{"start":{"line":48,"column":4},"end":{"line":48,"column":59}},"4":{"start":{"line":52,"column":4},"end":{"line":52,"column":43}},"5":{"start":{"line":56,"column":4},"end":{"line":56,"column":61}},"6":{"start":{"line":60,"column":4},"end":{"line":60,"column":65}},"7":{"start":{"line":64,"column":24},"end":{"line":64,"column":34}},"8":{"start":{"line":65,"column":26},"end":{"line":65,"column":36}},"9":{"start":{"line":67,"column":4},"end":{"line":76,"column":6}},"10":{"start":{"line":70,"column":22},"end":{"line":70,"column":49}},"11":{"start":{"line":80,"column":0},"end":{"line":80,"column":39}}},"fnMap":{"0":{"name":"(anonymous_0)","decl":{"start":{"line":42,"column":2},"end":{"line":42,"column":3}},"loc":{"start":{"line":42,"column":27},"end":{"line":49,"column":3}},"line":42},"1":{"name":"(anonymous_1)","decl":{"start":{"line":51,"column":2},"end":{"line":51,"column":3}},"loc":{"start":{"line":51,"column":32},"end":{"line":53,"column":3}},"line":51},"2":{"name":"(anonymous_2)","decl":{"start":{"line":55,"column":2},"end":{"line":55,"column":3}},"loc":{"start":{"line":55,"column":26},"end":{"line":57,"column":3}},"line":55},"3":{"name":"(anonymous_3)","decl":{"start":{"line":59,"column":2},"end":{"line":59,"column":3}},"loc":{"start":{"line":59,"column":33},"end":{"line":61,"column":3}},"line":59},"4":{"name":"(anonymous_4)","decl":{"start":{"line":63,"column":2},"end":{"line":63,"column":3}},"loc":{"start":{"line":63,"column":19},"end":{"line":77,"column":3}},"line":63},"5":{"name":"(anonymous_5)","decl":{"start":{"line":70,"column":16},"end":{"line":70,"column":17}},"loc":{"start":{"line":70,"column":22},"end":{"line":70,"column":49}},"line":70}},"branchMap":{},"s":{"0":1,"1":0,"2":0,"3":0,"4":0,"5":0,"6":0,"7":0,"8":0,"9":0,"10":0,"11":1},"f":{"0":0,"1":0,"2":0,"3":0,"4":0,"5":0},"b":{},"_coverageSchema":"332fd63041d2c1bcb487cc26dd0d5f7d97098a6c","hash":"d5bf29da2189be2054af26a22a0cd9726ef255e0"}
,"/Users/jon/coding/webaudioproj/proj/src/components/devices/deviceWidgets/index.js": {"path":"/Users/jon/coding/webaudioproj/proj/src/components/devices/deviceWidgets/index.js","statementMap":{},"fnMap":{},"branchMap":{},"s":{},"f":{},"b":{},"_coverageSchema":"332fd63041d2c1bcb487cc26dd0d5f7d97098a6c","hash":"b357533cee6e5a25106f097f3bd0fb6b864a2fd3"}
,"/Users/jon/coding/webaudioproj/proj/src/components/devices/instruments/MonoSynth.js": {"path":"/Users/jon/coding/webaudioproj/proj/src/components/devices/instruments/MonoSynth.js","statementMap":{"0":{"start":{"line":9,"column":23},"end":{"line":12,"column":1}},"1":{"start":{"line":28,"column":24},"end":{"line":28,"column":34}},"2":{"start":{"line":30,"column":4},"end":{"line":34,"column":6}},"3":{"start":{"line":38,"column":0},"end":{"line":38,"column":43}}},"fnMap":{"0":{"name":"(anonymous_0)","decl":{"start":{"line":21,"column":2},"end":{"line":21,"column":3}},"loc":{"start":{"line":21,"column":22},"end":{"line":25,"column":3}},"line":21},"1":{"name":"(anonymous_1)","decl":{"start":{"line":27,"column":2},"end":{"line":27,"column":3}},"loc":{"start":{"line":27,"column":11},"end":{"line":35,"column":3}},"line":27}},"branchMap":{},"s":{"0":1,"1":0,"2":0,"3":1},"f":{"0":0,"1":0},"b":{},"_coverageSchema":"332fd63041d2c1bcb487cc26dd0d5f7d97098a6c","hash":"0402774d3833edbd73d17a52c08f9af49dfff808"}
,"/Users/jon/coding/webaudioproj/proj/src/components/generic/Text.js": {"path":"/Users/jon/coding/webaudioproj/proj/src/components/generic/Text.js","statementMap":{"0":{"start":{"line":5,"column":15},"end":{"line":9,"column":1}},"1":{"start":{"line":11,"column":11},"end":{"line":17,"column":1}},"2":{"start":{"line":12,"column":2},"end":{"line":16,"column":3}},"3":{"start":{"line":19,"column":0},"end":{"line":19,"column":34}}},"fnMap":{"0":{"name":"(anonymous_0)","decl":{"start":{"line":11,"column":11},"end":{"line":11,"column":12}},"loc":{"start":{"line":11,"column":45},"end":{"line":17,"column":1}},"line":11}},"branchMap":{},"s":{"0":1,"1":1,"2":0,"3":1},"f":{"0":0},"b":{},"_coverageSchema":"332fd63041d2c1bcb487cc26dd0d5f7d97098a6c","hash":"5f34ba119ef467a991decd17ee914ca6d3188530"}
,"/Users/jon/coding/webaudioproj/proj/src/redux/initialState.js": {"path":"/Users/jon/coding/webaudioproj/proj/src/redux/initialState.js","statementMap":{"0":{"start":{"line":4,"column":31},"end":{"line":56,"column":1}}},"fnMap":{},"branchMap":{},"s":{"0":1},"f":{},"b":{},"_coverageSchema":"332fd63041d2c1bcb487cc26dd0d5f7d97098a6c","hash":"ab393691528c863473141476a479f74bfab4b305"}
,"/Users/jon/coding/webaudioproj/proj/src/redux/store.js": {"path":"/Users/jon/coding/webaudioproj/proj/src/redux/store.js","statementMap":{"0":{"start":{"line":1,"column":17},"end":{"line":1,"column":54}},"1":{"start":{"line":7,"column":22},"end":{"line":10,"column":1}},"2":{"start":{"line":12,"column":25},"end":{"line":12,"column":63}},"3":{"start":{"line":15,"column":0},"end":{"line":17,"column":1}},"4":{"start":{"line":16,"column":2},"end":{"line":16,"column":55}},"5":{"start":{"line":19,"column":21},"end":{"line":24,"column":1}},"6":{"start":{"line":26,"column":25},"end":{"line":26,"column":44}}},"fnMap":{},"branchMap":{"0":{"loc":{"start":{"line":1,"column":17},"end":{"line":1,"column":54}},"type":"binary-expr","locations":[{"start":{"line":1,"column":17},"end":{"line":1,"column":37}},{"start":{"line":1,"column":41},"end":{"line":1,"column":54}}],"line":1},"1":{"loc":{"start":{"line":15,"column":0},"end":{"line":17,"column":1}},"type":"if","locations":[{"start":{"line":15,"column":0},"end":{"line":17,"column":1}},{"start":{"line":15,"column":0},"end":{"line":17,"column":1}}],"line":15},"2":{"loc":{"start":{"line":15,"column":4},"end":{"line":15,"column":68}},"type":"binary-expr","locations":[{"start":{"line":15,"column":4},"end":{"line":15,"column":29}},{"start":{"line":15,"column":33},"end":{"line":15,"column":68}}],"line":15}},"s":{"0":1,"1":1,"2":1,"3":1,"4":0,"5":1,"6":1},"f":{},"b":{"0":[1,0],"1":[0,1],"2":[1,1]},"_coverageSchema":"332fd63041d2c1bcb487cc26dd0d5f7d97098a6c","hash":"24775628a1f8ca95ed85658f97e3d2ac83fce2e4"}
,"/Users/jon/coding/webaudioproj/proj/src/redux/reducers/global.js": {"path":"/Users/jon/coding/webaudioproj/proj/src/redux/reducers/global.js","statementMap":{"0":{"start":{"line":5,"column":2},"end":{"line":14,"column":3}},"1":{"start":{"line":7,"column":6},"end":{"line":10,"column":7}},"2":{"start":{"line":13,"column":6},"end":{"line":13,"column":25}}},"fnMap":{"0":{"name":"(anonymous_0)","decl":{"start":{"line":4,"column":15},"end":{"line":4,"column":16}},"loc":{"start":{"line":4,"column":80},"end":{"line":15,"column":1}},"line":4}},"branchMap":{"0":{"loc":{"start":{"line":4,"column":16},"end":{"line":4,"column":51}},"type":"default-arg","locations":[{"start":{"line":4,"column":32},"end":{"line":4,"column":51}}],"line":4},"1":{"loc":{"start":{"line":5,"column":2},"end":{"line":14,"column":3}},"type":"switch","locations":[{"start":{"line":6,"column":4},"end":{"line":10,"column":7}},{"start":{"line":12,"column":4},"end":{"line":13,"column":25}}],"line":5}},"s":{"0":4,"1":0,"2":4},"f":{"0":4},"b":{"0":[3],"1":[0,4]},"_coverageSchema":"332fd63041d2c1bcb487cc26dd0d5f7d97098a6c","hash":"29c2baf01e6bcef1460adcd9e4b268f086dd13c3"}
,"/Users/jon/coding/webaudioproj/proj/src/redux/reducers/index.js": {"path":"/Users/jon/coding/webaudioproj/proj/src/redux/reducers/index.js","statementMap":{"0":{"start":{"line":8,"column":19},"end":{"line":11,"column":2}},"1":{"start":{"line":14,"column":2},"end":{"line":14,"column":35}}},"fnMap":{"0":{"name":"(anonymous_0)","decl":{"start":{"line":13,"column":15},"end":{"line":13,"column":16}},"loc":{"start":{"line":13,"column":58},"end":{"line":15,"column":1}},"line":13}},"branchMap":{},"s":{"0":1,"1":2},"f":{"0":2},"b":{},"_coverageSchema":"332fd63041d2c1bcb487cc26dd0d5f7d97098a6c","hash":"4746630c1317f979ebd430783b307de2a8b2cbbe"}
,"/Users/jon/coding/webaudioproj/proj/src/redux/reducers/tracks.js": {"path":"/Users/jon/coding/webaudioproj/proj/src/redux/reducers/tracks.js","statementMap":{"0":{"start":{"line":7,"column":2},"end":{"line":40,"column":3}},"1":{"start":{"line":11,"column":10},"end":{"line":11,"column":24}},"2":{"start":{"line":13,"column":27},"end":{"line":13,"column":61}},"3":{"start":{"line":15,"column":32},"end":{"line":18,"column":7}},"4":{"start":{"line":20,"column":6},"end":{"line":23,"column":8}},"5":{"start":{"line":25,"column":6},"end":{"line":25,"column":19}},"6":{"start":{"line":29,"column":40},"end":{"line":29,"column":54}},"7":{"start":{"line":33,"column":6},"end":{"line":33,"column":19}},"8":{"start":{"line":38,"column":6},"end":{"line":38,"column":19}}},"fnMap":{"0":{"name":"(anonymous_0)","decl":{"start":{"line":6,"column":15},"end":{"line":6,"column":16}},"loc":{"start":{"line":6,"column":94},"end":{"line":41,"column":1}},"line":6}},"branchMap":{"0":{"loc":{"start":{"line":6,"column":16},"end":{"line":6,"column":58}},"type":"default-arg","locations":[{"start":{"line":6,"column":39},"end":{"line":6,"column":58}}],"line":6},"1":{"loc":{"start":{"line":7,"column":2},"end":{"line":40,"column":3}},"type":"switch","locations":[{"start":{"line":8,"column":4},"end":{"line":26,"column":5}},{"start":{"line":28,"column":4},"end":{"line":34,"column":5}},{"start":{"line":37,"column":4},"end":{"line":39,"column":5}}],"line":7}},"s":{"0":4,"1":0,"2":0,"3":0,"4":0,"5":0,"6":0,"7":0,"8":4},"f":{"0":4},"b":{"0":[3],"1":[0,0,4]},"_coverageSchema":"332fd63041d2c1bcb487cc26dd0d5f7d97098a6c","hash":"2c23796627c30db5ef935a79206fffd5aabd98a3"}
,"/Users/jon/coding/webaudioproj/proj/src/redux/reducers/reducerUtils/NoteMaker.js": {"path":"/Users/jon/coding/webaudioproj/proj/src/redux/reducers/reducerUtils/NoteMaker.js","statementMap":{"0":{"start":{"line":20,"column":4},"end":{"line":20,"column":29}},"1":{"start":{"line":21,"column":4},"end":{"line":21,"column":35}},"2":{"start":{"line":22,"column":4},"end":{"line":22,"column":42}},"3":{"start":{"line":30,"column":8},"end":{"line":30,"column":24}},"4":{"start":{"line":32,"column":4},"end":{"line":32,"column":68}},"5":{"start":{"line":34,"column":4},"end":{"line":36,"column":5}},"6":{"start":{"line":35,"column":6},"end":{"line":35,"column":66}},"7":{"start":{"line":38,"column":4},"end":{"line":38,"column":25}},"8":{"start":{"line":42,"column":4},"end":{"line":42,"column":51}},"9":{"start":{"line":43,"column":4},"end":{"line":43,"column":52}},"10":{"start":{"line":44,"column":4},"end":{"line":44,"column":68}},"11":{"start":{"line":49,"column":4},"end":{"line":51,"column":5}},"12":{"start":{"line":50,"column":6},"end":{"line":50,"column":32}},"13":{"start":{"line":56,"column":4},"end":{"line":60,"column":6}},"14":{"start":{"line":57,"column":6},"end":{"line":59,"column":7}},"15":{"start":{"line":58,"column":8},"end":{"line":58,"column":46}},"16":{"start":{"line":69,"column":8},"end":{"line":74,"column":5}},"17":{"start":{"line":76,"column":4},"end":{"line":80,"column":5}},"18":{"start":{"line":77,"column":6},"end":{"line":77,"column":38}},"19":{"start":{"line":79,"column":6},"end":{"line":79,"column":76}},"20":{"start":{"line":82,"column":4},"end":{"line":82,"column":21}}},"fnMap":{"0":{"name":"(anonymous_0)","decl":{"start":{"line":19,"column":2},"end":{"line":19,"column":3}},"loc":{"start":{"line":19,"column":73},"end":{"line":23,"column":3}},"line":19},"1":{"name":"(anonymous_1)","decl":{"start":{"line":25,"column":2},"end":{"line":25,"column":3}},"loc":{"start":{"line":25,"column":41},"end":{"line":39,"column":3}},"line":25},"2":{"name":"(anonymous_2)","decl":{"start":{"line":41,"column":2},"end":{"line":41,"column":3}},"loc":{"start":{"line":41,"column":82},"end":{"line":45,"column":3}},"line":41},"3":{"name":"(anonymous_3)","decl":{"start":{"line":47,"column":2},"end":{"line":47,"column":3}},"loc":{"start":{"line":47,"column":58},"end":{"line":52,"column":3}},"line":47},"4":{"name":"(anonymous_4)","decl":{"start":{"line":54,"column":2},"end":{"line":54,"column":3}},"loc":{"start":{"line":54,"column":59},"end":{"line":61,"column":3}},"line":54},"5":{"name":"(anonymous_5)","decl":{"start":{"line":56,"column":33},"end":{"line":56,"column":34}},"loc":{"start":{"line":56,"column":55},"end":{"line":60,"column":5}},"line":56},"6":{"name":"(anonymous_6)","decl":{"start":{"line":63,"column":2},"end":{"line":63,"column":3}},"loc":{"start":{"line":63,"column":41},"end":{"line":83,"column":3}},"line":63}},"branchMap":{"0":{"loc":{"start":{"line":49,"column":4},"end":{"line":51,"column":5}},"type":"if","locations":[{"start":{"line":49,"column":4},"end":{"line":51,"column":5}},{"start":{"line":49,"column":4},"end":{"line":51,"column":5}}],"line":49},"1":{"loc":{"start":{"line":57,"column":6},"end":{"line":59,"column":7}},"type":"if","locations":[{"start":{"line":57,"column":6},"end":{"line":59,"column":7}},{"start":{"line":57,"column":6},"end":{"line":59,"column":7}}],"line":57},"2":{"loc":{"start":{"line":76,"column":4},"end":{"line":80,"column":5}},"type":"if","locations":[{"start":{"line":76,"column":4},"end":{"line":80,"column":5}},{"start":{"line":76,"column":4},"end":{"line":80,"column":5}}],"line":76},"3":{"loc":{"start":{"line":79,"column":30},"end":{"line":79,"column":76}},"type":"cond-expr","locations":[{"start":{"line":79,"column":53},"end":{"line":79,"column":57}},{"start":{"line":79,"column":60},"end":{"line":79,"column":76}}],"line":79}},"s":{"0":2,"1":2,"2":2,"3":2,"4":2,"5":2,"6":2046,"7":2,"8":2048,"9":2048,"10":2048,"11":2048,"12":1024,"13":2048,"14":1024,"15":0,"16":2048,"17":2048,"18":2,"19":2046,"20":2048},"f":{"0":2,"1":2,"2":2048,"3":2048,"4":2048,"5":1024,"6":2048},"b":{"0":[1024,1024],"1":[0,1024],"2":[2,2046],"3":[0,2046]},"_coverageSchema":"332fd63041d2c1bcb487cc26dd0d5f7d97098a6c","hash":"41d088e86e83270237b12dd4dd1d6b7ae86e1b2e"}
,"/Users/jon/coding/webaudioproj/proj/src/util/arrays.js": {"path":"/Users/jon/coding/webaudioproj/proj/src/util/arrays.js","statementMap":{"0":{"start":{"line":4,"column":16},"end":{"line":4,"column":18}},"1":{"start":{"line":6,"column":2},"end":{"line":8,"column":3}},"2":{"start":{"line":7,"column":4},"end":{"line":7,"column":18}},"3":{"start":{"line":10,"column":2},"end":{"line":10,"column":15}}},"fnMap":{"0":{"name":"arrayFrom","decl":{"start":{"line":3,"column":16},"end":{"line":3,"column":25}},"loc":{"start":{"line":3,"column":63},"end":{"line":11,"column":1}},"line":3}},"branchMap":{},"s":{"0":0,"1":0,"2":0,"3":0},"f":{"0":0},"b":{},"_coverageSchema":"332fd63041d2c1bcb487cc26dd0d5f7d97098a6c","hash":"d27dc760931756d6bc563dd87edd3646d8a537c2"}
}
