TN:
SF:/Users/jon/coding/webaudioproj/proj/src/redux/reducers/reducerUtils/NoteMaker.js
FN:15,(anonymous_0)
FN:21,(anonymous_1)
FN:37,(anonymous_2)
FN:43,(anonymous_3)
FN:50,(anonymous_4)
FN:52,(anonymous_5)
FN:59,(anonymous_6)
FNF:7
FNH:7
FNDA:2,(anonymous_0)
FNDA:2,(anonymous_1)
FNDA:2048,(anonymous_2)
FNDA:2048,(anonymous_3)
FNDA:2048,(anonymous_4)
FNDA:1024,(anonymous_5)
FNDA:2048,(anonymous_6)
DA:16,2
DA:17,2
DA:18,2
DA:26,2
DA:28,2
DA:30,2
DA:31,2046
DA:34,2
DA:38,2048
DA:39,2048
DA:40,2048
DA:45,2048
DA:46,1024
DA:52,2048
DA:53,1024
DA:54,0
DA:60,2048
DA:65,2048
DA:66,2
DA:68,2046
DA:71,2048
LF:21
LH:20
BRDA:45,0,0,1024
BRDA:45,0,1,1024
BRDA:53,1,0,0
BRDA:53,1,1,1024
BRDA:65,2,0,2
BRDA:65,2,1,2046
BRDA:68,3,0,0
BRDA:68,3,1,2046
BRF:8
BRH:6
end_of_record
